MobileSafe/build/outputs/logs/manifest-merger-debug-report.txt
-- Merging decision tree log ---
manifest
ADDED from MobileSafe\MobileSafe\AndroidManifest.xml:2:1-113:12
	package
		ADDED from MobileSafe\MobileSafe\AndroidManifest.xml:3:5-35
	android:versionName
		ADDED from MobileSafe\MobileSafe\AndroidManifest.xml:5:5-30
		INJECTED from MobileSafe\MobileSafe\AndroidManifest.xml
		INJECTED from MobileSafe\MobileSafe\AndroidManifest.xml
	android:versionCode
		ADDED from MobileSafe\MobileSafe\AndroidManifest.xml:4:5-28
		INJECTED from MobileSafe\MobileSafe\AndroidManifest.xml
		INJECTED from MobileSafe\MobileSafe\AndroidManifest.xml
	xmlns:android
		ADDED from MobileSafe\MobileSafe\AndroidManifest.xml:2:11-69
uses-sdk
ADDED from MobileSafe\MobileSafe\AndroidManifest.xml:7:2-9:34
	android:targetSdkVersion
		ADDED from MobileSafe\MobileSafe\AndroidManifest.xml:9:3-32
	android:minSdkVersion
		ADDED from MobileSafe\MobileSafe\AndroidManifest.xml:8:3-29
uses-permission#android.permission.INTERNET
ADDED from MobileSafe\MobileSafe\AndroidManifest.xml:11:2-63
	android:name
		ADDED from MobileSafe\MobileSafe\AndroidManifest.xml:11:19-61
uses-permission#android.permission.WRITE_EXTERNAL_STORAGE
ADDED from MobileSafe\MobileSafe\AndroidManifest.xml:12:2-77
	android:name
		ADDED from MobileSafe\MobileSafe\AndroidManifest.xml:12:19-75
uses-permission#android.permission.READ_PHONE_STATE
ADDED from MobileSafe\MobileSafe\AndroidManifest.xml:13:2-71
	android:name
		ADDED from MobileSafe\MobileSafe\AndroidManifest.xml:13:19-69
uses-permission#android.permission.RECEIVE_BOOT_COMPLETED
ADDED from MobileSafe\MobileSafe\AndroidManifest.xml:14:2-77
	android:name
		ADDED from MobileSafe\MobileSafe\AndroidManifest.xml:14:19-75
uses-permission#android.permission.READ_CONTACTS
ADDED from MobileSafe\MobileSafe\AndroidManifest.xml:15:2-68
	android:name
		ADDED from MobileSafe\MobileSafe\AndroidManifest.xml:15:19-66
uses-permission#android.permission.SEND_SMS
ADDED from MobileSafe\MobileSafe\AndroidManifest.xml:16:2-63
	android:name
		ADDED from MobileSafe\MobileSafe\AndroidManifest.xml:16:19-61
uses-permission#android.permission.RECEIVE_SMS
ADDED from MobileSafe\MobileSafe\AndroidManifest.xml:17:2-66
	android:name
		ADDED from MobileSafe\MobileSafe\AndroidManifest.xml:17:19-64
uses-permission#android.permission.ACCESS_FINE_LOCATION
ADDED from MobileSafe\MobileSafe\AndroidManifest.xml:18:2-75
	android:name
		ADDED from MobileSafe\MobileSafe\AndroidManifest.xml:18:19-73
uses-permission#android.permission.ACCESS_COARSE_LOCATION
ADDED from MobileSafe\MobileSafe\AndroidManifest.xml:19:2-77
	android:name
		ADDED from MobileSafe\MobileSafe\AndroidManifest.xml:19:19-75
uses-permission#android.permission.VIBRATE
ADDED from MobileSafe\MobileSafe\AndroidManifest.xml:21:2-62
	android:name
		ADDED from MobileSafe\MobileSafe\AndroidManifest.xml:21:19-60
uses-permission#android.permission.PROCESS_OUTGOING_CALLS
ADDED from MobileSafe\MobileSafe\AndroidManifest.xml:22:2-77
	android:name
		ADDED from MobileSafe\MobileSafe\AndroidManifest.xml:22:19-75
uses-permission#android.permission.SYSTEM_ALERT_WINDOW
ADDED from MobileSafe\MobileSafe\AndroidManifest.xml:23:2-74
	android:name
		ADDED from MobileSafe\MobileSafe\AndroidManifest.xml:23:19-72
uses-permission#android.permission.READ_EXTERNAL_STORAGE
ADDED from MobileSafe\MobileSafe\AndroidManifest.xml:24:2-76
	android:name
		ADDED from MobileSafe\MobileSafe\AndroidManifest.xml:24:19-74
uses-permission#android.permission.READ_SMS
ADDED from MobileSafe\MobileSafe\AndroidManifest.xml:25:2-63
	android:name
		ADDED from MobileSafe\MobileSafe\AndroidManifest.xml:25:19-61
uses-permission#android.permission.WRITE_SMS
ADDED from MobileSafe\MobileSafe\AndroidManifest.xml:26:2-64
	android:name
		ADDED from MobileSafe\MobileSafe\AndroidManifest.xml:26:19-62
uses-permission#android.permission.KILL_BACKGROUND_PROCESSES
ADDED from MobileSafe\MobileSafe\AndroidManifest.xml:27:2-80
	android:name
		ADDED from MobileSafe\MobileSafe\AndroidManifest.xml:27:19-78
application
ADDED from MobileSafe\MobileSafe\AndroidManifest.xml:29:2-111:16
	android:label
		ADDED from MobileSafe\MobileSafe\AndroidManifest.xml:32:3-35
	android:allowBackup
		ADDED from MobileSafe\MobileSafe\AndroidManifest.xml:30:3-29
	android:icon
		ADDED from MobileSafe\MobileSafe\AndroidManifest.xml:31:3-39
	android:theme
		ADDED from MobileSafe\MobileSafe\AndroidManifest.xml:33:3-34
activity#com.hrbeu.mobilesafe.activity.SplashActivity
ADDED from MobileSafe\MobileSafe\AndroidManifest.xml:34:3-42:14
	android:label
		ADDED from MobileSafe\MobileSafe\AndroidManifest.xml:36:4-36
	android:name
		ADDED from MobileSafe\MobileSafe\AndroidManifest.xml:35:4-43
intent-filter#android.intent.action.MAIN+android.intent.category.LAUNCHER
ADDED from MobileSafe\MobileSafe\AndroidManifest.xml:37:4-41:20
action#android.intent.action.MAIN
ADDED from MobileSafe\MobileSafe\AndroidManifest.xml:38:5-56
	android:name
		ADDED from MobileSafe\MobileSafe\AndroidManifest.xml:38:13-54
category#android.intent.category.LAUNCHER
ADDED from MobileSafe\MobileSafe\AndroidManifest.xml:40:5-64
	android:name
		ADDED from MobileSafe\MobileSafe\AndroidManifest.xml:40:15-62
activity#com.hrbeu.mobilesafe.activity.HomeActivity
ADDED from MobileSafe\MobileSafe\AndroidManifest.xml:43:3-52
	android:name
		ADDED from MobileSafe\MobileSafe\AndroidManifest.xml:43:13-50
activity#com.hrbeu.mobilesafe.activity.SettingActivity
ADDED from MobileSafe\MobileSafe\AndroidManifest.xml:44:3-55
	android:name
		ADDED from MobileSafe\MobileSafe\AndroidManifest.xml:44:13-53
activity#com.hrbeu.mobilesafe.activity.LostFindActivity
ADDED from MobileSafe\MobileSafe\AndroidManifest.xml:45:3-56
	android:name
		ADDED from MobileSafe\MobileSafe\AndroidManifest.xml:45:13-54
activity#com.hrbeu.mobilesafe.activity.Setup1Activity
ADDED from MobileSafe\MobileSafe\AndroidManifest.xml:46:3-54
	android:name
		ADDED from MobileSafe\MobileSafe\AndroidManifest.xml:46:13-52
activity#com.hrbeu.mobilesafe.activity.Setup2Activity
ADDED from MobileSafe\MobileSafe\AndroidManifest.xml:47:3-54
	android:name
		ADDED from MobileSafe\MobileSafe\AndroidManifest.xml:47:13-52
activity#com.hrbeu.mobilesafe.activity.Setup3Activity
ADDED from MobileSafe\MobileSafe\AndroidManifest.xml:48:3-54
	android:name
		ADDED from MobileSafe\MobileSafe\AndroidManifest.xml:48:13-52
activity#com.hrbeu.mobilesafe.activity.Setup4Activity
ADDED from MobileSafe\MobileSafe\AndroidManifest.xml:49:3-54
	android:name
		ADDED from MobileSafe\MobileSafe\AndroidManifest.xml:49:13-52
activity#com.hrbeu.mobilesafe.activity.ContactActivity
ADDED from MobileSafe\MobileSafe\AndroidManifest.xml:50:3-55
	android:name
		ADDED from MobileSafe\MobileSafe\AndroidManifest.xml:50:13-53
activity#com.hrbeu.mobilesafe.activity.AToolsActivity
ADDED from MobileSafe\MobileSafe\AndroidManifest.xml:51:3-54
	android:name
		ADDED from MobileSafe\MobileSafe\AndroidManifest.xml:51:13-52
activity#com.hrbeu.mobilesafe.activity.AddressActivity
ADDED from MobileSafe\MobileSafe\AndroidManifest.xml:52:3-55
	android:name
		ADDED from MobileSafe\MobileSafe\AndroidManifest.xml:52:13-53
activity#com.hrbeu.mobilesafe.activity.AntivirusActivity
ADDED from MobileSafe\MobileSafe\AndroidManifest.xml:53:3-57
	android:name
		ADDED from MobileSafe\MobileSafe\AndroidManifest.xml:53:13-55
activity#com.hrbeu.mobilesafe.activity.DragViewActivity
ADDED from MobileSafe\MobileSafe\AndroidManifest.xml:54:3-56:65
	android:theme
		ADDED from MobileSafe\MobileSafe\AndroidManifest.xml:56:4-63
	android:name
		ADDED from MobileSafe\MobileSafe\AndroidManifest.xml:55:4-45
receiver#com.hrbeu.mobilesafe.receiver.AdminReceiver
ADDED from MobileSafe\MobileSafe\AndroidManifest.xml:58:3-70:14
	android:label
		ADDED from MobileSafe\MobileSafe\AndroidManifest.xml:61:4-47
	android:permission
		ADDED from MobileSafe\MobileSafe\AndroidManifest.xml:62:4-61
	android:description
		ADDED from MobileSafe\MobileSafe\AndroidManifest.xml:60:4-65
	android:name
		ADDED from MobileSafe\MobileSafe\AndroidManifest.xml:59:4-42
meta-data#android.app.device_admin
ADDED from MobileSafe\MobileSafe\AndroidManifest.xml:63:4-65:50
	android:resource
		ADDED from MobileSafe\MobileSafe\AndroidManifest.xml:65:5-48
	android:name
		ADDED from MobileSafe\MobileSafe\AndroidManifest.xml:64:5-44
intent-filter#android.app.action.DEVICE_ADMIN_ENABLED
ADDED from MobileSafe\MobileSafe\AndroidManifest.xml:67:4-69:20
action#android.app.action.DEVICE_ADMIN_ENABLED
ADDED from MobileSafe\MobileSafe\AndroidManifest.xml:68:5-69
	android:name
		ADDED from MobileSafe\MobileSafe\AndroidManifest.xml:68:13-67
receiver#com.hrbeu.mobilesafe.receiver.BootCompleteReceiver
ADDED from MobileSafe\MobileSafe\AndroidManifest.xml:71:3-75:14
	android:name
		ADDED from MobileSafe\MobileSafe\AndroidManifest.xml:71:13-58
intent-filter#android.intent.action.BOOT_COMPLETED
ADDED from MobileSafe\MobileSafe\AndroidManifest.xml:72:4-74:20
action#android.intent.action.BOOT_COMPLETED
ADDED from MobileSafe\MobileSafe\AndroidManifest.xml:73:5-66
	android:name
		ADDED from MobileSafe\MobileSafe\AndroidManifest.xml:73:13-64
receiver#com.hrbeu.mobilesafe.receiver.SmsReceiver
ADDED from MobileSafe\MobileSafe\AndroidManifest.xml:84:3-88:14
	android:name
		ADDED from MobileSafe\MobileSafe\AndroidManifest.xml:84:13-49
intent-filter#android.provider.Telephony.SMS_RECEIVED
ADDED from MobileSafe\MobileSafe\AndroidManifest.xml:85:4-87:20
	android:priority
		ADDED from MobileSafe\MobileSafe\AndroidManifest.xml:85:19-48
action#android.provider.Telephony.SMS_RECEIVED
ADDED from MobileSafe\MobileSafe\AndroidManifest.xml:86:5-69
	android:name
		ADDED from MobileSafe\MobileSafe\AndroidManifest.xml:86:13-67
service#com.hrbeu.mobilesafe.service.LocationService
ADDED from MobileSafe\MobileSafe\AndroidManifest.xml:90:3-53
	android:name
		ADDED from MobileSafe\MobileSafe\AndroidManifest.xml:90:12-51
service#com.hrbeu.mobilesafe.service.AddressService
ADDED from MobileSafe\MobileSafe\AndroidManifest.xml:91:3-52
	android:name
		ADDED from MobileSafe\MobileSafe\AndroidManifest.xml:91:12-50
activity#com.hrbeu.mobilesafe.activity.CallSafeActivity
ADDED from MobileSafe\MobileSafe\AndroidManifest.xml:93:3-56
	android:name
		ADDED from MobileSafe\MobileSafe\AndroidManifest.xml:93:13-54
service#com.hrbeu.mobilesafe.service.CallSafeService
ADDED from MobileSafe\MobileSafe\AndroidManifest.xml:95:3-99:13
	android:enabled
		ADDED from MobileSafe\MobileSafe\AndroidManifest.xml:97:4-26
	android:exported
		ADDED from MobileSafe\MobileSafe\AndroidManifest.xml:98:4-27
	android:name
		ADDED from MobileSafe\MobileSafe\AndroidManifest.xml:96:4-43
activity#com.hrbeu.mobilesafe.activity.AppManagerActivity
ADDED from MobileSafe\MobileSafe\AndroidManifest.xml:101:3-102:14
	android:name
		ADDED from MobileSafe\MobileSafe\AndroidManifest.xml:101:13-56
activity#com.hrbeu.mobilesafe.activity.TaskManagerActivity
ADDED from MobileSafe\MobileSafe\AndroidManifest.xml:103:3-104:14
	android:name
		ADDED from MobileSafe\MobileSafe\AndroidManifest.xml:103:13-57
activity#com.hrbeu.mobilesafe.activity.TaskManagerSettingActivity
ADDED from MobileSafe\MobileSafe\AndroidManifest.xml:105:3-106:14
	android:name
		ADDED from MobileSafe\MobileSafe\AndroidManifest.xml:105:13-64
activity#com.hrbeu.mobilesafe.activity.CleanCacheActivity
ADDED from MobileSafe\MobileSafe\AndroidManifest.xml:109:3-110:14
	android:name
		ADDED from MobileSafe\MobileSafe\AndroidManifest.xml:109:13-56